[24360:28048:0605/145305.032:INFO:aha\third_party\crashpad\crashpad\handler\aha_handler_main.cc:43] #### AhaElectron (Crashpad) Startup
[24360:28048:0605/145305.033:INFO:aha\components\manifest\manifest.cc:91] GetManifestContent exe_dir: C:\Users\白东鑫\AppData\Local\Programs\Trae CN
[24360:28048:0605/145305.033:INFO:aha\components\manifest\manifest.cc:106] AppManifest manifest_content={"appId":"787976","appVersion":"3.3.62","buildVersion":"2.3.33255","activeUrl":"https://log.snssdk.com/service/2/app_alert_check/","channel":"stable","language":"en","logifierDomain":"api.trae.com.cn","settingsDomain":"api.trae.com.cn","name":"Trae CN","package":"com.trae.app","packageType":"stable_cn","region":"CN","registryUrl":"https://log.snssdk.com/service/2/desktop/device_register/","slardarDomain":"pc-mon.zijieapi.com","slardarAid":787976,"oversea":false,"ahaNet":{"ttnet_params":{"domain_httpdns":"dig.bdurl.net","domain_netlog":"crash.snssdk.com","app_id":"787976","tnc_host_first":"tnc3-bjlgy.zijieapi.com","app_name":"trae","tnc_host_second":"","tnc_host_third":"","domain_boe":".boe-gateway.byted.org","update_version_code":"","version_code":"3362","bypass_proxy":false,"is_drop_first_tnc":false,"use_domestic_store_region":false,"get_domain_default_json":"{\"data\":{\"tnc_update_interval\":300,\"chromium_open\":1,\"http_dns_enabled\":1,\"ttnet_http_dns_enabled\":1,\"ttnet_tt_http_dns\":1,\"ttnet_http_dns_timeout\":5,\"opaque_data_enabled\":0,\"wpad_enabled\":0,\"pac_enabled\":1,\"clear_pool_enabled\":1,\"get_domain_default_json\":1,\"md5_check\":0},\"message\":\"success\"}"},"params":{"user_agent":"","experimental_options":"","enable_http2":true,"enable_brotli":true,"enable_quic":true,"enable_network_quality_estimator":false,"enable_verbose_log":false,"enable_ca_store":true,"store_idc_rule_json":"","ttnet_inner_log_switch":255,"bypass_mssdk":true},"access_policy":"{\"domain_white_list\":{\"*.trae.ai\":[\"*\"],\"*.traeapi.us\":[\"*\"],\"*.mchost.guru\":[\"*\"],\"*.bytedance.net\":[\"*\"],\"*.tiktok-row.net\":[\"*\"],\"*.byteintl.net\":[\"*\"],\"*.byted.org\":[\"*\"],\"*.trae.com.cn\":[\"*\"],\"*.trae.cn\":[\"*\"]},\"enable_detail_log\":false}"}}
[24360:28048:0605/145305.034:WARNING:aha\components\crash_monitor\report_config\report_config.cc:48] config_path not exists, path: C:\Users\白东鑫\AppData\Local\Temp\trae-cn-profile-9339-13500\ReportConfig
[24360:28048:0605/145305.034:ERROR:aha\components\crash_monitor\report_config\report_config.cc:64] content is empty
[24360:28048:0605/145305.034:INFO:aha\components\crash_monitor\crash_monitor.cc:308] [CrashMonitor] Initialized: disable_report: 0
[24360:28048:0605/145305.034:INFO:aha\components\device_info\private\device_info_win_impl.cc:193] PlatformDeviceInfoImpl::read_smbios done, size = 2598
[24360:28048:0605/145305.034:INFO:aha\components\crash_monitor\crash_monitor.cc:457] [CrashMonitor] CalcLocalDeviceId: local_device_id use device_info, device_id: AC7AC8A6-6874-4315-964F-30AFF9D2C710
[24360:22604:0605/145305.051:INFO:third_party\crashpad\crashpad\handler\win\crash_report_exception_handler.cc:241] [Crashpad] Append global param key: init_device_id
[24360:12092:0605/145305.051:INFO:aha\components\crash_monitor\crash_monitor.cc:469] [CrashMonitor] InitDeviceId: init_device_id use device_id, device_id: 1166994601693739
[17152:19104:0605/145305.054:INFO:electron\shell\app\electron_main_delegate.cc:618] #### AhaElectron ()  Startup #### cmd: 
[17152:19104:0605/145305.054:INFO:aha\components\metrics\metrics_base.cc:52] [startup] metric: initRunBrowser, start
[17152:19104:0605/145305.054:INFO:aha\electron\shell\browser\aha_feature_list\aha_feature_override.cc:135] [AhaFeatureOverride] electron::InitFeaturesWithAhaOverrides, enable_features ,EnableTransparentHwndEnlargement,PdfUseShowSaveFilePicker, disable_features ,SpareRendererForSitePerProcess,ScreenAIOCREnabled, TraceSiteInstanceGetProcessCreation,LocalNetworkAccessChecks
[17152:19104:0605/145305.058:INFO:aha\components\metrics\metrics_base.cc:64] [startup] metric: initRunBrowser, end, latency: 5ms
[17152:19104:0605/145305.062:INFO:aha\electron\version_verifier\version_verifier.cc:129] [VersionVerifier] is_version_match: 1, Manifest app version: 3.3.62 does not match actual app version: 3.3.62
[17152:19104:0605/145305.062:INFO:electron\shell\browser\electron_browser_main_parts.cc:357] init towel master_binder in browser
[17152:19104:0605/145305.062:INFO:aha\components\towel\embedder\interface_binder.cc:17] [TOWEL]InterfaceBinder Intialized. ProcessType(2)
[17152:19104:0605/145305.062:INFO:aha\components\metrics\metrics_base.cc:52] [startup] metric: createNodeEnv, start
[24360:12092:0605/145305.064:INFO:aha\third_party\parfait\core_common\parfait_core.cc:209] [Parfait] Enable upload with interval 60
[24360:12092:0605/145305.064:INFO:aha\third_party\parfait\aha\parfait_client.cc:133] [Parfait] Init ParfaitClient with config
	pft_version=1.3.0.0
	aid=787976
	user_id=anonymous
	device_id=1166994601693739
	version=3.3.62
	root_path=C:\Users\白东鑫\AppData\Local\Temp\trae-cn-profile-9339-13500\Crashpad
	session_id=
	data_report_url=https://pc-mon.zijieapi.com/monitor_pc/collect/api/pc_log
	crash_report_url=https://pc-mon.zijieapi.com/monitor_pc/collect/api/pc_crash
	gwpasan_report_url=https://pc-mon.zijieapi.com/monitor_pc/collect/api/pc_gwpasan
	block_report_url=https://pc-mon.zijieapi.com/monitor_pc/collect/api/pc_jank
	matrix_report_url=https://pc-mon.zijieapi.com/monitor_pc/collect/api/pc_matrix
	cpu_profile_report_url=https://pc-mon.zijieapi.com/monitor_pc/collect/file/pc_cpu_profile
	snapshot_report_url=https://pc-mon.zijieapi.com/monitor_pc/collect/file/pc_snapshot
	custom_exception_report_url=https://pc-mon.zijieapi.com/monitor_pc/collect/file/pc_custom_exception
	settings_enabled=0
	settings_url=
	tenant_id=
[24360:12092:0605/145305.064:INFO:aha\components\crash_monitor\crash_monitor.cc:349] [CrashMonitor] InitParfait: InitParfait success, aid:787976, did:1166994601693739
[24360:25008:0605/145305.064:INFO:aha\third_party\parfait\core_common\parfait_core.cc:217] [Parfait] Set upload interval 60
[17152:19104:0605/145305.067:INFO:gin\isolate_holder.cc:165] SetPartitionAllocOomCallback and RegisterIsolateHolder
[17152:19104:0605/145305.125:INFO:aha\components\metrics\metrics_base.cc:64] [startup] metric: createNodeEnv, end, latency: 63ms
[17152:19104:0605/145305.125:INFO:aha\components\metrics\metrics_base.cc:52] [startup] metric: initNodeEnv, start
[17152:19104:0605/145305.170:INFO:aha\components\metrics\metrics_base.cc:64] [startup] metric: initNodeEnv, end, latency: 45ms
[17152:19104:0605/145305.170:INFO:aha\components\metrics\metrics_base.cc:52] [startup] metric: loadAppCode, start
[24360:28048:0605/145305.263:INFO:aha\third_party\crashpad\crashpad\handler\aha_handler_main.cc:111] #### AhaElectron (Crashpad) Shutdown
